<?xml version="1.0" encoding="UTF-8"?>
<!-- Generated by org.testng.reporters.JUnitXMLReporter -->
<testsuite name="Default test" tests="10" failures="1" timestamp="7 Sep 2017 07:26:18 GMT" time="1270.653" errors="0">
  <testcase name="@AfterMethod afterMethod" time="0.0" classname="script.xinche.ZiPinPaiZongShuTest">
    <failure type="org.openqa.selenium.remote.UnreachableBrowserException" message="Error communicating with the remote browser. It may have died.
Build info: version: &amp;apos;2.52.0&amp;apos;, revision: &amp;apos;4c2593c&amp;apos;, time: &amp;apos;2016-02-11 19:06:42&amp;apos;
System info: host: &amp;apos;N/A&amp;apos;, ip: &amp;apos;N/A&amp;apos;, os.name: &amp;apos;Mac OS X&amp;apos;, os.arch: &amp;apos;x86_64&amp;apos;, os.version: &amp;apos;10.12.3&amp;apos;, java.version: &amp;apos;1.7.0_71&amp;apos;
Driver info: driver.version: AppiumDriver
Session ID: 989a9406-9383-4642-89cd-e2677968708f
Capabilities [{platform=MAC, javascriptEnabled=true, browserName=iOS, networkConnectionEnabled=false, noSign=true, udid=279e59757a20062b7fb2f82586ca7ed5426352c4, desired={platform=MAC, platformVersion=8.1.2, deviceName=iPhone 6 Plus, platformName=iOS, bundleId=com.bitauto.carquote, device=iPhone 6 Plus, noSign=true, udid=279e59757a20062b7fb2f82586ca7ed5426352c4}, locationContextEnabled=false, platformVersion=8.1.2, databaseEnabled=false, deviceName=iPhone 6 Plus, platformName=iOS, webStorageEnabled=false, bundleId=com.bitauto.carquote, device=iPhone 6 Plus, warnings={}, takesScreenshot=true}]">
      <![CDATA[org.openqa.selenium.remote.UnreachableBrowserException: Error communicating with the remote browser. It may have died.
Build info: version: '2.52.0', revision: '4c2593c', time: '2016-02-11 19:06:42'
System info: host: 'N/A', ip: 'N/A', os.name: 'Mac OS X', os.arch: 'x86_64', os.version: '10.12.3', java.version: '1.7.0_71'
Driver info: driver.version: AppiumDriver
Session ID: 989a9406-9383-4642-89cd-e2677968708f
Capabilities [{platform=MAC, javascriptEnabled=true, browserName=iOS, networkConnectionEnabled=false, noSign=true, udid=279e59757a20062b7fb2f82586ca7ed5426352c4, desired={platform=MAC, platformVersion=8.1.2, deviceName=iPhone 6 Plus, platformName=iOS, bundleId=com.bitauto.carquote, device=iPhone 6 Plus, noSign=true, udid=279e59757a20062b7fb2f82586ca7ed5426352c4}, locationContextEnabled=false, platformVersion=8.1.2, databaseEnabled=false, deviceName=iPhone 6 Plus, platformName=iOS, webStorageEnabled=false, bundleId=com.bitauto.carquote, device=iPhone 6 Plus, warnings={}, takesScreenshot=true}]
	at org.openqa.selenium.remote.RemoteWebDriver.execute(RemoteWebDriver.java:665)
	at io.appium.java_client.DefaultGenericMobileDriver.execute(DefaultGenericMobileDriver.java:27)
	at io.appium.java_client.AppiumDriver.execute(AppiumDriver.java:1)
	at io.appium.java_client.ios.IOSDriver.execute(IOSDriver.java:1)
	at org.openqa.selenium.remote.RemoteWebDriver.findElements(RemoteWebDriver.java:388)
	at org.openqa.selenium.remote.RemoteWebDriver.findElementsByName(RemoteWebDriver.java:469)
	at io.appium.java_client.DefaultGenericMobileDriver.findElementsByName(DefaultGenericMobileDriver.java:79)
	at io.appium.java_client.AppiumDriver.findElementsByName(AppiumDriver.java:147)
	at org.openqa.selenium.By$ByName.findElements(By.java:295)
	at org.openqa.selenium.remote.RemoteWebDriver.findElements(RemoteWebDriver.java:351)
	at io.appium.java_client.DefaultGenericMobileDriver.findElements(DefaultGenericMobileDriver.java:32)
	at io.appium.java_client.AppiumDriver.findElements(AppiumDriver.java:126)
	at common.Common.checkTextExist(Common.java:171)
	at script.AppTestSuite.afterMethod(AppTestSuite.java:52)
	at sun.reflect.NativeMethodAccessorImpl.invoke0(Native Method)
	at sun.reflect.NativeMethodAccessorImpl.invoke(NativeMethodAccessorImpl.java:57)
	at sun.reflect.DelegatingMethodAccessorImpl.invoke(DelegatingMethodAccessorImpl.java:43)
	at java.lang.reflect.Method.invoke(Method.java:606)
	at org.testng.internal.MethodInvocationHelper.invokeMethod(MethodInvocationHelper.java:85)
	at org.testng.internal.Invoker.invokeConfigurationMethod(Invoker.java:510)
	at org.testng.internal.Invoker.invokeConfigurations(Invoker.java:211)
	at org.testng.internal.Invoker.invokeMethod(Invoker.java:703)
	at org.testng.internal.Invoker.invokeTestMethod(Invoker.java:816)
	at org.testng.internal.Invoker.invokeTestMethods(Invoker.java:1124)
	at org.testng.internal.TestMethodWorker.invokeTestMethods(TestMethodWorker.java:125)
	at org.testng.internal.TestMethodWorker.run(TestMethodWorker.java:108)
	at org.testng.TestRunner.privateRun(TestRunner.java:774)
	at org.testng.TestRunner.run(TestRunner.java:624)
	at org.testng.SuiteRunner.runTest(SuiteRunner.java:359)
	at org.testng.SuiteRunner.runSequentially(SuiteRunner.java:354)
	at org.testng.SuiteRunner.privateRun(SuiteRunner.java:312)
	at org.testng.SuiteRunner.run(SuiteRunner.java:261)
	at org.testng.SuiteRunnerWorker.runSuite(SuiteRunnerWorker.java:52)
	at org.testng.SuiteRunnerWorker.run(SuiteRunnerWorker.java:86)
	at org.testng.TestNG.runSuitesSequentially(TestNG.java:1215)
	at org.testng.TestNG.runSuitesLocally(TestNG.java:1140)
	at org.testng.TestNG.run(TestNG.java:1048)
	at org.testng.remote.AbstractRemoteTestNG.run(AbstractRemoteTestNG.java:132)
	at org.testng.remote.RemoteTestNG.initAndRun(RemoteTestNG.java:230)
	at org.testng.remote.RemoteTestNG.main(RemoteTestNG.java:76)
Caused by: org.apache.http.conn.HttpHostConnectException: Connect to 127.0.0.1:4723 [/127.0.0.1] failed: Connection refused
	at org.apache.http.impl.conn.DefaultHttpClientConnectionOperator.connect(DefaultHttpClientConnectionOperator.java:151)
	at org.apache.http.impl.conn.PoolingHttpClientConnectionManager.connect(PoolingHttpClientConnectionManager.java:353)
	at org.apache.http.impl.execchain.MainClientExec.establishRoute(MainClientExec.java:380)
	at org.apache.http.impl.execchain.MainClientExec.execute(MainClientExec.java:236)
	at org.apache.http.impl.execchain.ProtocolExec.execute(ProtocolExec.java:184)
	at org.apache.http.impl.execchain.RetryExec.execute(RetryExec.java:88)
	at org.apache.http.impl.execchain.RedirectExec.execute(RedirectExec.java:110)
	at org.apache.http.impl.client.InternalHttpClient.doExecute(InternalHttpClient.java:184)
	at org.apache.http.impl.client.CloseableHttpClient.execute(CloseableHttpClient.java:71)
	at org.apache.http.impl.client.CloseableHttpClient.execute(CloseableHttpClient.java:55)
	at org.openqa.selenium.remote.internal.ApacheHttpClient.fallBackExecute(ApacheHttpClient.java:144)
	at org.openqa.selenium.remote.internal.ApacheHttpClient.execute(ApacheHttpClient.java:90)
	at org.openqa.selenium.remote.HttpCommandExecutor.execute(HttpCommandExecutor.java:142)
	at org.openqa.selenium.remote.RemoteWebDriver.execute(RemoteWebDriver.java:644)
	... 39 more
Caused by: java.net.ConnectException: Connection refused
	at java.net.PlainSocketImpl.socketConnect(Native Method)
	at java.net.AbstractPlainSocketImpl.doConnect(AbstractPlainSocketImpl.java:339)
	at java.net.AbstractPlainSocketImpl.connectToAddress(AbstractPlainSocketImpl.java:200)
	at java.net.AbstractPlainSocketImpl.connect(AbstractPlainSocketImpl.java:182)
	at java.net.SocksSocketImpl.connect(SocksSocketImpl.java:392)
	at java.net.Socket.connect(Socket.java:579)
	at org.apache.http.conn.socket.PlainConnectionSocketFactory.connectSocket(PlainConnectionSocketFactory.java:74)
	at org.apache.http.impl.conn.DefaultHttpClientConnectionOperator.connect(DefaultHttpClientConnectionOperator.java:134)
	... 52 more
]]>
    </failure>
  </testcase> <!-- @AfterMethod afterMethod -->
  <testcase name="@AfterMethod afterMethod" time="0.0" classname="script.xinche.ZiPinPaiZongShuTest">
    <skipped/>
  </testcase> <!-- @AfterMethod afterMethod -->
  <testcase name="@AfterMethod afterMethod" time="0.0" classname="script.xinche.ZiPinPaiZongShuTest">
    <skipped/>
  </testcase> <!-- @AfterMethod afterMethod -->
  <testcase name="@AfterMethod afterMethod" time="0.0" classname="script.xinche.ZiPinPaiZongShuTest">
    <skipped/>
  </testcase> <!-- @AfterMethod afterMethod -->
  <testcase name="@AfterMethod afterMethod" time="0.0" classname="script.xinche.ZiPinPaiZongShuTest">
    <skipped/>
  </testcase> <!-- @AfterMethod afterMethod -->
  <testcase name="@AfterMethod afterMethod" time="0.0" classname="script.xinche.ZiPinPaiZongShuTest">
    <skipped/>
  </testcase> <!-- @AfterMethod afterMethod -->
  <testcase name="@AfterMethod afterMethod" time="0.0" classname="script.xinche.ZiPinPaiZongShuTest">
    <skipped/>
  </testcase> <!-- @AfterMethod afterMethod -->
  <testcase name="@AfterMethod afterMethod" time="0.0" classname="script.xinche.ZiPinPaiZongShuTest">
    <skipped/>
  </testcase> <!-- @AfterMethod afterMethod -->
  <testcase name="@AfterMethod afterMethod" time="0.0" classname="script.xinche.ZiPinPaiZongShuTest">
    <skipped/>
  </testcase> <!-- @AfterMethod afterMethod -->
  <testcase name="@AfterMethod afterMethod" time="0.0" classname="script.xinche.ZiPinPaiZongShuTest">
    <skipped/>
  </testcase> <!-- @AfterMethod afterMethod -->
  <testcase name="xinche_zipinpaizongshu_testcase7" time="1270.427" classname="script.xinche.ZiPinPaiZongShuTest">
    <failure type="org.openqa.selenium.remote.UnreachableBrowserException" message="Error communicating with the remote browser. It may have died.
Build info: version: &amp;apos;2.52.0&amp;apos;, revision: &amp;apos;4c2593c&amp;apos;, time: &amp;apos;2016-02-11 19:06:42&amp;apos;
System info: host: &amp;apos;N/A&amp;apos;, ip: &amp;apos;N/A&amp;apos;, os.name: &amp;apos;Mac OS X&amp;apos;, os.arch: &amp;apos;x86_64&amp;apos;, os.version: &amp;apos;10.12.3&amp;apos;, java.version: &amp;apos;1.7.0_71&amp;apos;
Driver info: driver.version: IOSDriver
Session ID: 989a9406-9383-4642-89cd-e2677968708f
Capabilities [{platform=MAC, javascriptEnabled=true, browserName=iOS, networkConnectionEnabled=false, noSign=true, udid=279e59757a20062b7fb2f82586ca7ed5426352c4, desired={platform=MAC, platformVersion=8.1.2, deviceName=iPhone 6 Plus, platformName=iOS, bundleId=com.bitauto.carquote, device=iPhone 6 Plus, noSign=true, udid=279e59757a20062b7fb2f82586ca7ed5426352c4}, locationContextEnabled=false, platformVersion=8.1.2, databaseEnabled=false, deviceName=iPhone 6 Plus, platformName=iOS, webStorageEnabled=false, bundleId=com.bitauto.carquote, device=iPhone 6 Plus, warnings={}, takesScreenshot=true}]">
      <![CDATA[org.openqa.selenium.remote.UnreachableBrowserException: Error communicating with the remote browser. It may have died.
Build info: version: '2.52.0', revision: '4c2593c', time: '2016-02-11 19:06:42'
System info: host: 'N/A', ip: 'N/A', os.name: 'Mac OS X', os.arch: 'x86_64', os.version: '10.12.3', java.version: '1.7.0_71'
Driver info: driver.version: IOSDriver
Session ID: 989a9406-9383-4642-89cd-e2677968708f
Capabilities [{platform=MAC, javascriptEnabled=true, browserName=iOS, networkConnectionEnabled=false, noSign=true, udid=279e59757a20062b7fb2f82586ca7ed5426352c4, desired={platform=MAC, platformVersion=8.1.2, deviceName=iPhone 6 Plus, platformName=iOS, bundleId=com.bitauto.carquote, device=iPhone 6 Plus, noSign=true, udid=279e59757a20062b7fb2f82586ca7ed5426352c4}, locationContextEnabled=false, platformVersion=8.1.2, databaseEnabled=false, deviceName=iPhone 6 Plus, platformName=iOS, webStorageEnabled=false, bundleId=com.bitauto.carquote, device=iPhone 6 Plus, warnings={}, takesScreenshot=true}]
	at org.openqa.selenium.remote.RemoteWebDriver.execute(RemoteWebDriver.java:665)
	at io.appium.java_client.DefaultGenericMobileDriver.execute(DefaultGenericMobileDriver.java:27)
	at io.appium.java_client.AppiumDriver.execute(AppiumDriver.java:1)
	at io.appium.java_client.ios.IOSDriver.execute(IOSDriver.java:1)
	at org.openqa.selenium.remote.RemoteWebDriver$RemoteWebDriverOptions$RemoteTimeouts.implicitlyWait(RemoteWebDriver.java:865)
	at common.Common.waitForVisible(Common.java:377)
	at common.Common.touchXpath(Common.java:137)
	at script.xinche.ZiPinPaiZongShuTest.xinche_zipinpaizongshu_testcase7(ZiPinPaiZongShuTest.java:190)
	at sun.reflect.NativeMethodAccessorImpl.invoke0(Native Method)
	at sun.reflect.NativeMethodAccessorImpl.invoke(NativeMethodAccessorImpl.java:57)
	at sun.reflect.DelegatingMethodAccessorImpl.invoke(DelegatingMethodAccessorImpl.java:43)
	at java.lang.reflect.Method.invoke(Method.java:606)
	at org.testng.internal.MethodInvocationHelper.invokeMethod(MethodInvocationHelper.java:85)
	at org.testng.internal.Invoker.invokeMethod(Invoker.java:639)
	at org.testng.internal.Invoker.invokeTestMethod(Invoker.java:816)
	at org.testng.internal.Invoker.invokeTestMethods(Invoker.java:1124)
	at org.testng.internal.TestMethodWorker.invokeTestMethods(TestMethodWorker.java:125)
	at org.testng.internal.TestMethodWorker.run(TestMethodWorker.java:108)
	at org.testng.TestRunner.privateRun(TestRunner.java:774)
	at org.testng.TestRunner.run(TestRunner.java:624)
	at org.testng.SuiteRunner.runTest(SuiteRunner.java:359)
	at org.testng.SuiteRunner.runSequentially(SuiteRunner.java:354)
	at org.testng.SuiteRunner.privateRun(SuiteRunner.java:312)
	at org.testng.SuiteRunner.run(SuiteRunner.java:261)
	at org.testng.SuiteRunnerWorker.runSuite(SuiteRunnerWorker.java:52)
	at org.testng.SuiteRunnerWorker.run(SuiteRunnerWorker.java:86)
	at org.testng.TestNG.runSuitesSequentially(TestNG.java:1215)
	at org.testng.TestNG.runSuitesLocally(TestNG.java:1140)
	at org.testng.TestNG.run(TestNG.java:1048)
	at org.testng.remote.AbstractRemoteTestNG.run(AbstractRemoteTestNG.java:132)
	at org.testng.remote.RemoteTestNG.initAndRun(RemoteTestNG.java:230)
	at org.testng.remote.RemoteTestNG.main(RemoteTestNG.java:76)
Caused by: org.apache.http.conn.HttpHostConnectException: Connect to 127.0.0.1:4723 [/127.0.0.1] failed: Connection refused
	at org.apache.http.impl.conn.DefaultHttpClientConnectionOperator.connect(DefaultHttpClientConnectionOperator.java:151)
	at org.apache.http.impl.conn.PoolingHttpClientConnectionManager.connect(PoolingHttpClientConnectionManager.java:353)
	at org.apache.http.impl.execchain.MainClientExec.establishRoute(MainClientExec.java:380)
	at org.apache.http.impl.execchain.MainClientExec.execute(MainClientExec.java:236)
	at org.apache.http.impl.execchain.ProtocolExec.execute(ProtocolExec.java:184)
	at org.apache.http.impl.execchain.RetryExec.execute(RetryExec.java:88)
	at org.apache.http.impl.execchain.RedirectExec.execute(RedirectExec.java:110)
	at org.apache.http.impl.client.InternalHttpClient.doExecute(InternalHttpClient.java:184)
	at org.apache.http.impl.client.CloseableHttpClient.execute(CloseableHttpClient.java:71)
	at org.apache.http.impl.client.CloseableHttpClient.execute(CloseableHttpClient.java:55)
	at org.openqa.selenium.remote.internal.ApacheHttpClient.fallBackExecute(ApacheHttpClient.java:144)
	at org.openqa.selenium.remote.internal.ApacheHttpClient.execute(ApacheHttpClient.java:90)
	at org.openqa.selenium.remote.HttpCommandExecutor.execute(HttpCommandExecutor.java:142)
	at org.openqa.selenium.remote.RemoteWebDriver.execute(RemoteWebDriver.java:644)
	... 31 more
Caused by: java.net.ConnectException: Connection refused
	at java.net.PlainSocketImpl.socketConnect(Native Method)
	at java.net.AbstractPlainSocketImpl.doConnect(AbstractPlainSocketImpl.java:339)
	at java.net.AbstractPlainSocketImpl.connectToAddress(AbstractPlainSocketImpl.java:200)
	at java.net.AbstractPlainSocketImpl.connect(AbstractPlainSocketImpl.java:182)
	at java.net.SocksSocketImpl.connect(SocksSocketImpl.java:392)
	at java.net.Socket.connect(Socket.java:579)
	at org.apache.http.conn.socket.PlainConnectionSocketFactory.connectSocket(PlainConnectionSocketFactory.java:74)
	at org.apache.http.impl.conn.DefaultHttpClientConnectionOperator.connect(DefaultHttpClientConnectionOperator.java:134)
	... 44 more
]]>
    </failure>
  </testcase> <!-- xinche_zipinpaizongshu_testcase7 -->
  <testcase name="xinche_zipinpaizongshu_testcase8" time="0.014" classname="script.xinche.ZiPinPaiZongShuTest">
    <skipped/>
  </testcase> <!-- xinche_zipinpaizongshu_testcase8 -->
  <testcase name="xinche_zipinpaizongshu_testcase9" time="0.003" classname="script.xinche.ZiPinPaiZongShuTest">
    <skipped/>
  </testcase> <!-- xinche_zipinpaizongshu_testcase9 -->
  <testcase name="xinche_zipinpaizongshu_testcase10" time="0.006" classname="script.xinche.ZiPinPaiZongShuTest">
    <skipped/>
  </testcase> <!-- xinche_zipinpaizongshu_testcase10 -->
  <testcase name="xinche_zipinpaizongshu_testcase11" time="0.003" classname="script.xinche.ZiPinPaiZongShuTest">
    <skipped/>
  </testcase> <!-- xinche_zipinpaizongshu_testcase11 -->
  <testcase name="xinche_zipinpaizongshu_testcase12" time="0.005" classname="script.xinche.ZiPinPaiZongShuTest">
    <skipped/>
  </testcase> <!-- xinche_zipinpaizongshu_testcase12 -->
  <testcase name="xinche_zipinpaizongshu_testcase13" time="0.003" classname="script.xinche.ZiPinPaiZongShuTest">
    <skipped/>
  </testcase> <!-- xinche_zipinpaizongshu_testcase13 -->
  <testcase name="xinche_zipinpaizongshu_testcase14" time="0.004" classname="script.xinche.ZiPinPaiZongShuTest">
    <skipped/>
  </testcase> <!-- xinche_zipinpaizongshu_testcase14 -->
  <testcase name="xinche_zipinpaizongshu_testcase15" time="0.003" classname="script.xinche.ZiPinPaiZongShuTest">
    <skipped/>
  </testcase> <!-- xinche_zipinpaizongshu_testcase15 -->
  <testcase name="xinche_zipinpaizongshu_testcase16" time="0.004" classname="script.xinche.ZiPinPaiZongShuTest">
    <skipped/>
  </testcase> <!-- xinche_zipinpaizongshu_testcase16 -->
</testsuite> <!-- Default test -->
