<?xml version="1.0" encoding="UTF-8"?>
<!-- Generated by org.testng.reporters.JUnitXMLReporter -->
<testsuite name="Debug" tests="4" failures="2" timestamp="16 Jun 2017 02:23:29 GMT" time="0.075" errors="0">
  <testcase name="testcase1" time="0.018" classname="script.bangmaiche.Xml"/>
  <testcase name="testcase2" time="0.004" classname="script.bangmaiche.Xml">
    <failure type="java.lang.AssertionError" message="expected [true] but found [false]">
      <![CDATA[java.lang.AssertionError: expected [true] but found [false]
	at script.bangmaiche.Xml.testcase2(Xml.java:13)
... Removed 28 stack frames]]>
    </failure>
  </testcase> <!-- testcase2 -->
  <testcase name="testcase3" time="0.004" classname="script.bangmaiche.Xml">
    <failure type="java.lang.AssertionError" message="expected [true] but found [false]">
      <![CDATA[java.lang.AssertionError: expected [true] but found [false]
	at script.bangmaiche.Xml.testcase3(Xml.java:19)
... Removed 28 stack frames]]>
    </failure>
  </testcase> <!-- testcase3 -->
  <testcase name="testcase4" time="0.004" classname="script.bangmaiche.Xml"/>
</testsuite> <!-- Debug -->
