<?xml version="1.0" encoding="UTF-8"?>
<testng-results skipped="0" failed="1" total="9" passed="8">
  <reporter-output>
  </reporter-output>
  <suite name="Default suite" duration-ms="1098844" started-at="2017-07-17T08:44:30Z" finished-at="2017-07-17T09:02:48Z">
    <groups>
    </groups>
    <test name="Default test" duration-ms="1098844" started-at="2017-07-17T08:44:30Z" finished-at="2017-07-17T09:02:48Z">
      <class name="script.ershouche.CheYuanXiangQingTest">
        <test-method status="PASS" signature="beforeSuite()[pri:0, instance:script.ershouche.CheYuanXiangQingTest@6426f7af]" name="beforeSuite" is-config="true" duration-ms="18618" started-at="2017-07-17T16:44:11Z" finished-at="2017-07-17T16:44:30Z">
          <reporter-output>
          </reporter-output>
        </test-method> <!-- beforeSuite -->
        <test-method status="PASS" signature="ershouche_cheyuanxiangqing_testcase1()[pri:1, instance:script.ershouche.CheYuanXiangQingTest@6426f7af]" name="ershouche_cheyuanxiangqing_testcase1" duration-ms="143567" started-at="2017-07-17T16:44:30Z" finished-at="2017-07-17T16:46:53Z">
          <reporter-output>
          </reporter-output>
        </test-method> <!-- ershouche_cheyuanxiangqing_testcase1 -->
        <test-method status="PASS" signature="afterMethod()[pri:0, instance:script.ershouche.CheYuanXiangQingTest@6426f7af]" name="afterMethod" is-config="true" duration-ms="19612" started-at="2017-07-17T16:46:53Z" finished-at="2017-07-17T16:47:13Z">
          <reporter-output>
          </reporter-output>
        </test-method> <!-- afterMethod -->
        <test-method status="PASS" signature="ershouche_cheyuanxiangqing_testcase2()[pri:2, instance:script.ershouche.CheYuanXiangQingTest@6426f7af]" name="ershouche_cheyuanxiangqing_testcase2" duration-ms="107367" started-at="2017-07-17T16:47:13Z" finished-at="2017-07-17T16:49:00Z">
          <reporter-output>
          </reporter-output>
        </test-method> <!-- ershouche_cheyuanxiangqing_testcase2 -->
        <test-method status="PASS" signature="afterMethod()[pri:0, instance:script.ershouche.CheYuanXiangQingTest@6426f7af]" name="afterMethod" is-config="true" duration-ms="18409" started-at="2017-07-17T16:49:00Z" finished-at="2017-07-17T16:49:19Z">
          <reporter-output>
          </reporter-output>
        </test-method> <!-- afterMethod -->
        <test-method status="PASS" signature="ershouche_cheyuanxiangqing_testcase3()[pri:3, instance:script.ershouche.CheYuanXiangQingTest@6426f7af]" name="ershouche_cheyuanxiangqing_testcase3" duration-ms="239773" started-at="2017-07-17T16:49:19Z" finished-at="2017-07-17T16:53:18Z">
          <reporter-output>
          </reporter-output>
        </test-method> <!-- ershouche_cheyuanxiangqing_testcase3 -->
        <test-method status="PASS" signature="afterMethod()[pri:0, instance:script.ershouche.CheYuanXiangQingTest@6426f7af]" name="afterMethod" is-config="true" duration-ms="9943" started-at="2017-07-17T16:53:18Z" finished-at="2017-07-17T16:53:28Z">
          <reporter-output>
          </reporter-output>
        </test-method> <!-- afterMethod -->
        <test-method status="PASS" signature="ershouche_cheyuanxiangqing_testcase4()[pri:4, instance:script.ershouche.CheYuanXiangQingTest@6426f7af]" name="ershouche_cheyuanxiangqing_testcase4" duration-ms="98151" started-at="2017-07-17T16:53:28Z" finished-at="2017-07-17T16:55:06Z">
          <reporter-output>
          </reporter-output>
        </test-method> <!-- ershouche_cheyuanxiangqing_testcase4 -->
        <test-method status="PASS" signature="afterMethod()[pri:0, instance:script.ershouche.CheYuanXiangQingTest@6426f7af]" name="afterMethod" is-config="true" duration-ms="10344" started-at="2017-07-17T16:55:06Z" finished-at="2017-07-17T16:55:17Z">
          <reporter-output>
          </reporter-output>
        </test-method> <!-- afterMethod -->
        <test-method status="PASS" signature="ershouche_cheyuanxiangqing_testcase5()[pri:5, instance:script.ershouche.CheYuanXiangQingTest@6426f7af]" name="ershouche_cheyuanxiangqing_testcase5" duration-ms="95110" started-at="2017-07-17T16:55:17Z" finished-at="2017-07-17T16:56:52Z">
          <reporter-output>
          </reporter-output>
        </test-method> <!-- ershouche_cheyuanxiangqing_testcase5 -->
        <test-method status="PASS" signature="afterMethod()[pri:0, instance:script.ershouche.CheYuanXiangQingTest@6426f7af]" name="afterMethod" is-config="true" duration-ms="10067" started-at="2017-07-17T16:56:52Z" finished-at="2017-07-17T16:57:02Z">
          <reporter-output>
          </reporter-output>
        </test-method> <!-- afterMethod -->
        <test-method status="PASS" signature="ershouche_cheyuanxiangqing_testcase6()[pri:6, instance:script.ershouche.CheYuanXiangQingTest@6426f7af]" name="ershouche_cheyuanxiangqing_testcase6" duration-ms="115396" started-at="2017-07-17T16:57:02Z" finished-at="2017-07-17T16:58:57Z">
          <reporter-output>
          </reporter-output>
        </test-method> <!-- ershouche_cheyuanxiangqing_testcase6 -->
        <test-method status="PASS" signature="afterMethod()[pri:0, instance:script.ershouche.CheYuanXiangQingTest@6426f7af]" name="afterMethod" is-config="true" duration-ms="10108" started-at="2017-07-17T16:58:57Z" finished-at="2017-07-17T16:59:08Z">
          <reporter-output>
          </reporter-output>
        </test-method> <!-- afterMethod -->
        <test-method status="PASS" signature="ershouche_cheyuanxiangqing_testcase7()[pri:7, instance:script.ershouche.CheYuanXiangQingTest@6426f7af]" name="ershouche_cheyuanxiangqing_testcase7" duration-ms="31208" started-at="2017-07-17T16:59:08Z" finished-at="2017-07-17T16:59:39Z">
          <reporter-output>
          </reporter-output>
        </test-method> <!-- ershouche_cheyuanxiangqing_testcase7 -->
        <test-method status="PASS" signature="afterMethod()[pri:0, instance:script.ershouche.CheYuanXiangQingTest@6426f7af]" name="afterMethod" is-config="true" duration-ms="10160" started-at="2017-07-17T16:59:39Z" finished-at="2017-07-17T16:59:49Z">
          <reporter-output>
          </reporter-output>
        </test-method> <!-- afterMethod -->
        <test-method status="FAIL" signature="ershouche_cheyuanxiangqing_testcase8()[pri:8, instance:script.ershouche.CheYuanXiangQingTest@6426f7af]" name="ershouche_cheyuanxiangqing_testcase8" duration-ms="76511" started-at="2017-07-17T16:59:49Z" finished-at="2017-07-17T17:01:05Z">
          <exception class="java.lang.AssertionError">
            <message>
              <![CDATA[检查输入手机号码成功 expected [1366666666] but found [13666666666]]]>
            </message>
            <full-stacktrace>
              <![CDATA[java.lang.AssertionError: 检查输入手机号码成功 expected [1366666666] but found [13666666666]
	at org.testng.Assert.fail(Assert.java:94)
	at org.testng.Assert.failNotEquals(Assert.java:496)
	at org.testng.Assert.assertEquals(Assert.java:125)
	at org.testng.Assert.assertEquals(Assert.java:178)
	at script.ershouche.CheYuanXiangQingTest.ershouche_cheyuanxiangqing_testcase8(CheYuanXiangQingTest.java:209)
	at sun.reflect.NativeMethodAccessorImpl.invoke0(Native Method)
	at sun.reflect.NativeMethodAccessorImpl.invoke(NativeMethodAccessorImpl.java:57)
	at sun.reflect.DelegatingMethodAccessorImpl.invoke(DelegatingMethodAccessorImpl.java:43)
	at java.lang.reflect.Method.invoke(Method.java:606)
	at org.testng.internal.MethodInvocationHelper.invokeMethod(MethodInvocationHelper.java:85)
	at org.testng.internal.Invoker.invokeMethod(Invoker.java:639)
	at org.testng.internal.Invoker.invokeTestMethod(Invoker.java:816)
	at org.testng.internal.Invoker.invokeTestMethods(Invoker.java:1124)
	at org.testng.internal.TestMethodWorker.invokeTestMethods(TestMethodWorker.java:125)
	at org.testng.internal.TestMethodWorker.run(TestMethodWorker.java:108)
	at org.testng.TestRunner.privateRun(TestRunner.java:774)
	at org.testng.TestRunner.run(TestRunner.java:624)
	at org.testng.SuiteRunner.runTest(SuiteRunner.java:359)
	at org.testng.SuiteRunner.runSequentially(SuiteRunner.java:354)
	at org.testng.SuiteRunner.privateRun(SuiteRunner.java:312)
	at org.testng.SuiteRunner.run(SuiteRunner.java:261)
	at org.testng.SuiteRunnerWorker.runSuite(SuiteRunnerWorker.java:52)
	at org.testng.SuiteRunnerWorker.run(SuiteRunnerWorker.java:86)
	at org.testng.TestNG.runSuitesSequentially(TestNG.java:1215)
	at org.testng.TestNG.runSuitesLocally(TestNG.java:1140)
	at org.testng.TestNG.run(TestNG.java:1048)
	at org.testng.remote.AbstractRemoteTestNG.run(AbstractRemoteTestNG.java:132)
	at org.testng.remote.RemoteTestNG.initAndRun(RemoteTestNG.java:230)
	at org.testng.remote.RemoteTestNG.main(RemoteTestNG.java:76)
]]>
            </full-stacktrace>
          </exception> <!-- java.lang.AssertionError -->
          <reporter-output>
          </reporter-output>
        </test-method> <!-- ershouche_cheyuanxiangqing_testcase8 -->
        <test-method status="PASS" signature="afterMethod()[pri:0, instance:script.ershouche.CheYuanXiangQingTest@6426f7af]" name="afterMethod" is-config="true" duration-ms="31792" started-at="2017-07-17T17:01:05Z" finished-at="2017-07-17T17:01:37Z">
          <reporter-output>
          </reporter-output>
        </test-method> <!-- afterMethod -->
        <test-method status="PASS" signature="ershouche_cheyuanxiangqing_testcase9()[pri:9, instance:script.ershouche.CheYuanXiangQingTest@6426f7af]" name="ershouche_cheyuanxiangqing_testcase9" duration-ms="60565" started-at="2017-07-17T17:01:37Z" finished-at="2017-07-17T17:02:38Z">
          <reporter-output>
          </reporter-output>
        </test-method> <!-- ershouche_cheyuanxiangqing_testcase9 -->
        <test-method status="PASS" signature="afterMethod()[pri:0, instance:script.ershouche.CheYuanXiangQingTest@6426f7af]" name="afterMethod" is-config="true" duration-ms="10705" started-at="2017-07-17T17:02:38Z" finished-at="2017-07-17T17:02:48Z">
          <reporter-output>
          </reporter-output>
        </test-method> <!-- afterMethod -->
        <test-method status="PASS" signature="afterSuite()[pri:0, instance:script.ershouche.CheYuanXiangQingTest@6426f7af]" name="afterSuite" is-config="true" duration-ms="1865" started-at="2017-07-17T17:02:49Z" finished-at="2017-07-17T17:02:50Z">
          <reporter-output>
          </reporter-output>
        </test-method> <!-- afterSuite -->
      </class> <!-- script.ershouche.CheYuanXiangQingTest -->
    </test> <!-- Default test -->
  </suite> <!-- Default suite -->
</testng-results>
