<?xml version="1.0" encoding="UTF-8"?>
<!-- Generated by org.testng.reporters.JUnitXMLReporter -->
<testsuite hostname="bogon" name="ershouche" tests="9" failures="0" timestamp="18 Jul 2017 06:35:23 GMT" time="1125.362" errors="0">
  <testcase name="ershouche_cheyuanxiangqing_testcase1" time="142.562" classname="script.ershouche.CheYuanXiangQingTest"/>
  <testcase name="ershouche_cheyuanxiangqing_testcase2" time="107.336" classname="script.ershouche.CheYuanXiangQingTest"/>
  <testcase name="ershouche_cheyuanxiangqing_testcase3" time="237.712" classname="script.ershouche.CheYuanXiangQingTest"/>
  <testcase name="ershouche_cheyuanxiangqing_testcase4" time="124.703" classname="script.ershouche.CheYuanXiangQingTest"/>
  <testcase name="ershouche_cheyuanxiangqing_testcase5" time="95.213" classname="script.ershouche.CheYuanXiangQingTest"/>
  <testcase name="ershouche_cheyuanxiangqing_testcase6" time="117.664" classname="script.ershouche.CheYuanXiangQingTest"/>
  <testcase name="ershouche_cheyuanxiangqing_testcase7" time="31.363" classname="script.ershouche.CheYuanXiangQingTest"/>
  <testcase name="ershouche_cheyuanxiangqing_testcase8" time="93.955" classname="script.ershouche.CheYuanXiangQingTest"/>
  <testcase name="ershouche_cheyuanxiangqing_testcase9" time="61.082" classname="script.ershouche.CheYuanXiangQingTest"/>
</testsuite> <!-- ershouche -->
