<?xml version="1.0" encoding="UTF-8"?>
<!-- Generated by org.testng.reporters.JUnitXMLReporter -->
<testsuite name="ershouche" tests="6" failures="2" timestamp="25 Jul 2017 07:12:18 GMT" time="202.641" errors="0">
  <testcase name="@AfterMethod afterMethod" time="0.0" classname="script.bangmaiche.RecommendTest">
    <failure type="org.openqa.selenium.remote.UnreachableBrowserException" message="Error communicating with the remote browser. It may have died.
Build info: version: &amp;apos;2.52.0&amp;apos;, revision: &amp;apos;4c2593c&amp;apos;, time: &amp;apos;2016-02-11 19:06:42&amp;apos;
System info: host: &amp;apos;N/A&amp;apos;, ip: &amp;apos;N/A&amp;apos;, os.name: &amp;apos;Mac OS X&amp;apos;, os.arch: &amp;apos;x86_64&amp;apos;, os.version: &amp;apos;10.12.3&amp;apos;, java.version: &amp;apos;1.7.0_71&amp;apos;
Driver info: driver.version: AppiumDriver
Session ID: 5ea937db-e3f2-4971-a654-651573297960
Capabilities [{platform=MAC, javascriptEnabled=true, browserName=iOS, networkConnectionEnabled=false, noSign=true, udid=279e59757a20062b7fb2f82586ca7ed5426352c4, desired={platform=MAC, platformVersion=8.1.2, deviceName=iPhone 6 Plus, platformName=iOS, bundleId=com.bitauto.carquote, device=iPhone 6 Plus, noSign=true, udid=279e59757a20062b7fb2f82586ca7ed5426352c4}, locationContextEnabled=false, platformVersion=8.1.2, databaseEnabled=false, deviceName=iPhone 6 Plus, platformName=iOS, webStorageEnabled=false, bundleId=com.bitauto.carquote, device=iPhone 6 Plus, warnings={}, takesScreenshot=true}]">
      <![CDATA[org.openqa.selenium.remote.UnreachableBrowserException: Error communicating with the remote browser. It may have died.
Build info: version: '2.52.0', revision: '4c2593c', time: '2016-02-11 19:06:42'
System info: host: 'N/A', ip: 'N/A', os.name: 'Mac OS X', os.arch: 'x86_64', os.version: '10.12.3', java.version: '1.7.0_71'
Driver info: driver.version: AppiumDriver
Session ID: 5ea937db-e3f2-4971-a654-651573297960
Capabilities [{platform=MAC, javascriptEnabled=true, browserName=iOS, networkConnectionEnabled=false, noSign=true, udid=279e59757a20062b7fb2f82586ca7ed5426352c4, desired={platform=MAC, platformVersion=8.1.2, deviceName=iPhone 6 Plus, platformName=iOS, bundleId=com.bitauto.carquote, device=iPhone 6 Plus, noSign=true, udid=279e59757a20062b7fb2f82586ca7ed5426352c4}, locationContextEnabled=false, platformVersion=8.1.2, databaseEnabled=false, deviceName=iPhone 6 Plus, platformName=iOS, webStorageEnabled=false, bundleId=com.bitauto.carquote, device=iPhone 6 Plus, warnings={}, takesScreenshot=true}]
	at org.openqa.selenium.remote.RemoteWebDriver.execute(RemoteWebDriver.java:665)
	at io.appium.java_client.DefaultGenericMobileDriver.execute(DefaultGenericMobileDriver.java:27)
	at io.appium.java_client.AppiumDriver.execute(AppiumDriver.java:1)
	at io.appium.java_client.ios.IOSDriver.execute(IOSDriver.java:1)
	at org.openqa.selenium.remote.RemoteWebDriver.findElements(RemoteWebDriver.java:388)
	at org.openqa.selenium.remote.RemoteWebDriver.findElementsByName(RemoteWebDriver.java:469)
	at io.appium.java_client.DefaultGenericMobileDriver.findElementsByName(DefaultGenericMobileDriver.java:79)
	at io.appium.java_client.AppiumDriver.findElementsByName(AppiumDriver.java:147)
	at org.openqa.selenium.By$ByName.findElements(By.java:295)
	at org.openqa.selenium.remote.RemoteWebDriver.findElements(RemoteWebDriver.java:351)
	at io.appium.java_client.DefaultGenericMobileDriver.findElements(DefaultGenericMobileDriver.java:32)
	at io.appium.java_client.AppiumDriver.findElements(AppiumDriver.java:126)
	at common.Common.checkTextExist(Common.java:170)
	at script.AppTestSuite.afterMethod(AppTestSuite.java:52)
Caused by: org.apache.http.conn.HttpHostConnectException: Connect to 127.0.0.1:4723 [/127.0.0.1] failed: Connection refused
	at org.apache.http.impl.conn.DefaultHttpClientConnectionOperator.connect(DefaultHttpClientConnectionOperator.java:151)
	at org.apache.http.impl.conn.PoolingHttpClientConnectionManager.connect(PoolingHttpClientConnectionManager.java:353)
	at org.apache.http.impl.execchain.MainClientExec.establishRoute(MainClientExec.java:380)
	at org.apache.http.impl.execchain.MainClientExec.execute(MainClientExec.java:236)
	at org.apache.http.impl.execchain.ProtocolExec.execute(ProtocolExec.java:184)
	at org.apache.http.impl.execchain.RetryExec.execute(RetryExec.java:88)
	at org.apache.http.impl.execchain.RedirectExec.execute(RedirectExec.java:110)
	at org.apache.http.impl.client.InternalHttpClient.doExecute(InternalHttpClient.java:184)
	at org.apache.http.impl.client.CloseableHttpClient.execute(CloseableHttpClient.java:71)
	at org.apache.http.impl.client.CloseableHttpClient.execute(CloseableHttpClient.java:55)
	at org.openqa.selenium.remote.internal.ApacheHttpClient.fallBackExecute(ApacheHttpClient.java:144)
	at org.openqa.selenium.remote.internal.ApacheHttpClient.execute(ApacheHttpClient.java:90)
	at org.openqa.selenium.remote.HttpCommandExecutor.execute(HttpCommandExecutor.java:142)
	at org.openqa.selenium.remote.RemoteWebDriver.execute(RemoteWebDriver.java:644)
	... 39 more
Caused by: java.net.ConnectException: Connection refused
	at java.net.PlainSocketImpl.socketConnect(Native Method)
	at java.net.AbstractPlainSocketImpl.doConnect(AbstractPlainSocketImpl.java:339)
	at java.net.AbstractPlainSocketImpl.connectToAddress(AbstractPlainSocketImpl.java:200)
	at java.net.AbstractPlainSocketImpl.connect(AbstractPlainSocketImpl.java:182)
	at java.net.SocksSocketImpl.connect(SocksSocketImpl.java:392)
	at java.net.Socket.connect(Socket.java:579)
	at org.apache.http.conn.socket.PlainConnectionSocketFactory.connectSocket(PlainConnectionSocketFactory.java:74)
	at org.apache.http.impl.conn.DefaultHttpClientConnectionOperator.connect(DefaultHttpClientConnectionOperator.java:134)
	... 52 more
... Removed 26 stack frames]]>
    </failure>
  </testcase> <!-- @AfterMethod afterMethod -->
  <testcase name="@AfterMethod afterMethod" time="0.0" classname="script.bangmaiche.RecommendTest">
    <skipped/>
  </testcase> <!-- @AfterMethod afterMethod -->
  <testcase name="@AfterMethod afterMethod" time="0.0" classname="script.bangmaiche.RecommendTest">
    <skipped/>
  </testcase> <!-- @AfterMethod afterMethod -->
  <testcase name="bangmaiche_recommend_testcase3" time="85.232" classname="script.bangmaiche.RecommendTest">
    <failure type="java.lang.AssertionError" message="朋友圈 expected [true] but found [false]">
      <![CDATA[java.lang.AssertionError: 朋友圈 expected [true] but found [false]
	at script.bangmaiche.RecommendTest.bangmaiche_recommend_testcase3(RecommendTest.java:104)
... Removed 27 stack frames]]>
    </failure>
  </testcase> <!-- bangmaiche_recommend_testcase3 -->
  <testcase name="bangmaiche_recommend_testcase4" time="38.869" classname="script.bangmaiche.RecommendTest"/>
  <testcase name="bangmaiche_recommend_testcase5" time="0.003" classname="script.bangmaiche.RecommendTest"/>
  <testcase name="bangmaiche_recommend_testcase6" time="14.47" classname="script.bangmaiche.RecommendTest">
    <failure type="org.openqa.selenium.remote.UnreachableBrowserException" message="Error communicating with the remote browser. It may have died.
Build info: version: &amp;apos;2.52.0&amp;apos;, revision: &amp;apos;4c2593c&amp;apos;, time: &amp;apos;2016-02-11 19:06:42&amp;apos;
System info: host: &amp;apos;N/A&amp;apos;, ip: &amp;apos;N/A&amp;apos;, os.name: &amp;apos;Mac OS X&amp;apos;, os.arch: &amp;apos;x86_64&amp;apos;, os.version: &amp;apos;10.12.3&amp;apos;, java.version: &amp;apos;1.7.0_71&amp;apos;
Driver info: driver.version: IOSDriver
Session ID: 5ea937db-e3f2-4971-a654-651573297960
Capabilities [{platform=MAC, javascriptEnabled=true, browserName=iOS, networkConnectionEnabled=false, noSign=true, udid=279e59757a20062b7fb2f82586ca7ed5426352c4, desired={platform=MAC, platformVersion=8.1.2, deviceName=iPhone 6 Plus, platformName=iOS, bundleId=com.bitauto.carquote, device=iPhone 6 Plus, noSign=true, udid=279e59757a20062b7fb2f82586ca7ed5426352c4}, locationContextEnabled=false, platformVersion=8.1.2, databaseEnabled=false, deviceName=iPhone 6 Plus, platformName=iOS, webStorageEnabled=false, bundleId=com.bitauto.carquote, device=iPhone 6 Plus, warnings={}, takesScreenshot=true}]">
      <![CDATA[org.openqa.selenium.remote.UnreachableBrowserException: Error communicating with the remote browser. It may have died.
Build info: version: '2.52.0', revision: '4c2593c', time: '2016-02-11 19:06:42'
System info: host: 'N/A', ip: 'N/A', os.name: 'Mac OS X', os.arch: 'x86_64', os.version: '10.12.3', java.version: '1.7.0_71'
Driver info: driver.version: IOSDriver
Session ID: 5ea937db-e3f2-4971-a654-651573297960
Capabilities [{platform=MAC, javascriptEnabled=true, browserName=iOS, networkConnectionEnabled=false, noSign=true, udid=279e59757a20062b7fb2f82586ca7ed5426352c4, desired={platform=MAC, platformVersion=8.1.2, deviceName=iPhone 6 Plus, platformName=iOS, bundleId=com.bitauto.carquote, device=iPhone 6 Plus, noSign=true, udid=279e59757a20062b7fb2f82586ca7ed5426352c4}, locationContextEnabled=false, platformVersion=8.1.2, databaseEnabled=false, deviceName=iPhone 6 Plus, platformName=iOS, webStorageEnabled=false, bundleId=com.bitauto.carquote, device=iPhone 6 Plus, warnings={}, takesScreenshot=true}]
	at org.openqa.selenium.remote.RemoteWebDriver.execute(RemoteWebDriver.java:665)
	at io.appium.java_client.DefaultGenericMobileDriver.execute(DefaultGenericMobileDriver.java:27)
	at io.appium.java_client.AppiumDriver.execute(AppiumDriver.java:1)
	at io.appium.java_client.ios.IOSDriver.execute(IOSDriver.java:1)
	at org.openqa.selenium.remote.RemoteWebElement.execute(RemoteWebElement.java:327)
	at io.appium.java_client.DefaultGenericMobileElement.execute(DefaultGenericMobileElement.java:27)
	at io.appium.java_client.MobileElement.execute(MobileElement.java:1)
	at io.appium.java_client.ios.IOSElement.execute(IOSElement.java:1)
	at org.openqa.selenium.remote.RemoteWebElement.isDisplayed(RemoteWebElement.java:368)
	at org.openqa.selenium.support.ui.ExpectedConditions.elementIfVisible(ExpectedConditions.java:302)
	at org.openqa.selenium.support.ui.ExpectedConditions.access$1(ExpectedConditions.java:301)
	at org.openqa.selenium.support.ui.ExpectedConditions$7.apply(ExpectedConditions.java:205)
	at org.openqa.selenium.support.ui.ExpectedConditions$7.apply(ExpectedConditions.java:1)
	at org.openqa.selenium.support.ui.FluentWait.until(FluentWait.java:238)
	at common.Common.waitForVisible(Common.java:379)
	at common.Common.touchText(Common.java:103)
	at script.bangmaiche.RecommendTest.bangmaiche_recommend_testcase6(RecommendTest.java:169)
Caused by: org.apache.http.conn.HttpHostConnectException: Connect to 127.0.0.1:4723 [/127.0.0.1] failed: Connection refused
	at org.apache.http.impl.conn.DefaultHttpClientConnectionOperator.connect(DefaultHttpClientConnectionOperator.java:151)
	at org.apache.http.impl.conn.PoolingHttpClientConnectionManager.connect(PoolingHttpClientConnectionManager.java:353)
	at org.apache.http.impl.execchain.MainClientExec.establishRoute(MainClientExec.java:380)
	at org.apache.http.impl.execchain.MainClientExec.execute(MainClientExec.java:236)
	at org.apache.http.impl.execchain.ProtocolExec.execute(ProtocolExec.java:184)
	at org.apache.http.impl.execchain.RetryExec.execute(RetryExec.java:88)
	at org.apache.http.impl.execchain.RedirectExec.execute(RedirectExec.java:110)
	at org.apache.http.impl.client.InternalHttpClient.doExecute(InternalHttpClient.java:184)
	at org.apache.http.impl.client.CloseableHttpClient.execute(CloseableHttpClient.java:71)
	at org.apache.http.impl.client.CloseableHttpClient.execute(CloseableHttpClient.java:55)
	at org.openqa.selenium.remote.internal.ApacheHttpClient.fallBackExecute(ApacheHttpClient.java:144)
	at org.openqa.selenium.remote.internal.ApacheHttpClient.execute(ApacheHttpClient.java:90)
	at org.openqa.selenium.remote.HttpCommandExecutor.execute(HttpCommandExecutor.java:142)
	at org.openqa.selenium.remote.RemoteWebDriver.execute(RemoteWebDriver.java:644)
	... 40 more
Caused by: java.net.ConnectException: Connection refused
	at java.net.PlainSocketImpl.socketConnect(Native Method)
	at java.net.AbstractPlainSocketImpl.doConnect(AbstractPlainSocketImpl.java:339)
	at java.net.AbstractPlainSocketImpl.connectToAddress(AbstractPlainSocketImpl.java:200)
	at java.net.AbstractPlainSocketImpl.connect(AbstractPlainSocketImpl.java:182)
	at java.net.SocksSocketImpl.connect(SocksSocketImpl.java:392)
	at java.net.Socket.connect(Socket.java:579)
	at org.apache.http.conn.socket.PlainConnectionSocketFactory.connectSocket(PlainConnectionSocketFactory.java:74)
	at org.apache.http.impl.conn.DefaultHttpClientConnectionOperator.connect(DefaultHttpClientConnectionOperator.java:134)
	... 53 more
... Removed 24 stack frames]]>
    </failure>
  </testcase> <!-- bangmaiche_recommend_testcase6 -->
  <testcase name="bangmaiche_recommend_testcase7" time="0.004" classname="script.bangmaiche.RecommendTest">
    <skipped/>
  </testcase> <!-- bangmaiche_recommend_testcase7 -->
  <testcase name="bangmaiche_recommend_testcase8" time="0.003" classname="script.bangmaiche.RecommendTest">
    <skipped/>
  </testcase> <!-- bangmaiche_recommend_testcase8 -->
</testsuite> <!-- ershouche -->
