<?xml version="1.0" encoding="UTF-8"?>
<!-- Generated by org.testng.reporters.JUnitXMLReporter -->
<testsuite hostname="bogon" name="xinche" tests="38" failures="0" timestamp="13 Jul 2017 09:08:33 GMT" time="0.384" errors="0">
  <testcase name="@BeforeSuite beforeSuite" time="0.0" classname="script.xinche.CheXingShouCangTest">
    <failure type="org.openqa.selenium.remote.UnreachableBrowserException" message="Could not start a new session. Possible causes are invalid address of the remote server or browser start-up failure.
Build info: version: &amp;apos;2.52.0&amp;apos;, revision: &amp;apos;4c2593c&amp;apos;, time: &amp;apos;2016-02-11 19:06:42&amp;apos;
System info: host: &amp;apos;bogon&amp;apos;, ip: &amp;apos;172.20.100.114&amp;apos;, os.name: &amp;apos;Mac OS X&amp;apos;, os.arch: &amp;apos;x86_64&amp;apos;, os.version: &amp;apos;10.12.3&amp;apos;, java.version: &amp;apos;1.7.0_71&amp;apos;
Driver info: driver.version: IOSDriver">
      <![CDATA[org.openqa.selenium.remote.UnreachableBrowserException: Could not start a new session. Possible causes are invalid address of the remote server or browser start-up failure.
Build info: version: '2.52.0', revision: '4c2593c', time: '2016-02-11 19:06:42'
System info: host: 'bogon', ip: '172.20.100.114', os.name: 'Mac OS X', os.arch: 'x86_64', os.version: '10.12.3', java.version: '1.7.0_71'
Driver info: driver.version: IOSDriver
	at org.openqa.selenium.remote.RemoteWebDriver.execute(RemoteWebDriver.java:665)
	at io.appium.java_client.DefaultGenericMobileDriver.execute(DefaultGenericMobileDriver.java:27)
	at io.appium.java_client.AppiumDriver.execute(AppiumDriver.java:1)
	at io.appium.java_client.ios.IOSDriver.execute(IOSDriver.java:1)
	at org.openqa.selenium.remote.RemoteWebDriver.startSession(RemoteWebDriver.java:249)
	at org.openqa.selenium.remote.RemoteWebDriver.<init>(RemoteWebDriver.java:131)
	at org.openqa.selenium.remote.RemoteWebDriver.<init>(RemoteWebDriver.java:158)
	at io.appium.java_client.DefaultGenericMobileDriver.<init>(DefaultGenericMobileDriver.java:22)
	at io.appium.java_client.AppiumDriver.<init>(AppiumDriver.java:202)
	at io.appium.java_client.ios.IOSDriver.<init>(IOSDriver.java:37)
	at script.AppTestSuite.beforeSuite(AppTestSuite.java:40)
Caused by: org.apache.http.conn.HttpHostConnectException: Connect to 127.0.0.1:4723 [/127.0.0.1] failed: Connection refused
	at org.apache.http.impl.conn.DefaultHttpClientConnectionOperator.connect(DefaultHttpClientConnectionOperator.java:151)
	at org.apache.http.impl.conn.PoolingHttpClientConnectionManager.connect(PoolingHttpClientConnectionManager.java:353)
	at org.apache.http.impl.execchain.MainClientExec.establishRoute(MainClientExec.java:380)
	at org.apache.http.impl.execchain.MainClientExec.execute(MainClientExec.java:236)
	at org.apache.http.impl.execchain.ProtocolExec.execute(ProtocolExec.java:184)
	at org.apache.http.impl.execchain.RetryExec.execute(RetryExec.java:88)
	at org.apache.http.impl.execchain.RedirectExec.execute(RedirectExec.java:110)
	at org.apache.http.impl.client.InternalHttpClient.doExecute(InternalHttpClient.java:184)
	at org.apache.http.impl.client.CloseableHttpClient.execute(CloseableHttpClient.java:71)
	at org.apache.http.impl.client.CloseableHttpClient.execute(CloseableHttpClient.java:55)
	at org.openqa.selenium.remote.internal.ApacheHttpClient.fallBackExecute(ApacheHttpClient.java:144)
	at org.openqa.selenium.remote.internal.ApacheHttpClient.execute(ApacheHttpClient.java:90)
	at org.openqa.selenium.remote.HttpCommandExecutor.execute(HttpCommandExecutor.java:142)
	at org.openqa.selenium.remote.RemoteWebDriver.execute(RemoteWebDriver.java:644)
	... 28 more
Caused by: java.net.ConnectException: Connection refused
	at java.net.PlainSocketImpl.socketConnect(Native Method)
	at java.net.AbstractPlainSocketImpl.doConnect(AbstractPlainSocketImpl.java:339)
	at java.net.AbstractPlainSocketImpl.connectToAddress(AbstractPlainSocketImpl.java:200)
	at java.net.AbstractPlainSocketImpl.connect(AbstractPlainSocketImpl.java:182)
	at java.net.SocksSocketImpl.connect(SocksSocketImpl.java:392)
	at java.net.Socket.connect(Socket.java:579)
	at org.apache.http.conn.socket.PlainConnectionSocketFactory.connectSocket(PlainConnectionSocketFactory.java:74)
	at org.apache.http.impl.conn.DefaultHttpClientConnectionOperator.connect(DefaultHttpClientConnectionOperator.java:134)
	... 41 more
... Removed 18 stack frames]]>
    </failure>
  </testcase> <!-- @BeforeSuite beforeSuite -->
  <testcase name="@AfterMethod afterMethod" time="0.0" classname="script.xinche.CheXingShouCangTest">
    <skipped/>
  </testcase> <!-- @AfterMethod afterMethod -->
  <testcase name="@AfterMethod afterMethod" time="0.0" classname="script.xinche.CheXingShouCangTest">
    <skipped/>
  </testcase> <!-- @AfterMethod afterMethod -->
  <testcase name="@AfterMethod afterMethod" time="0.0" classname="script.xinche.CheXingShouCangTest">
    <skipped/>
  </testcase> <!-- @AfterMethod afterMethod -->
  <testcase name="@AfterMethod afterMethod" time="0.0" classname="script.xinche.CheXingShouCangTest">
    <skipped/>
  </testcase> <!-- @AfterMethod afterMethod -->
  <testcase name="@AfterMethod afterMethod" time="0.0" classname="script.xinche.CheXingShouCangTest">
    <skipped/>
  </testcase> <!-- @AfterMethod afterMethod -->
  <testcase name="@AfterMethod afterMethod" time="0.0" classname="script.xinche.CheXingShouCangTest">
    <skipped/>
  </testcase> <!-- @AfterMethod afterMethod -->
  <testcase name="@AfterMethod afterMethod" time="0.0" classname="script.xinche.CheXingShouCangTest">
    <skipped/>
  </testcase> <!-- @AfterMethod afterMethod -->
  <testcase name="@AfterMethod afterMethod" time="0.0" classname="script.xinche.CheXingShouCangTest">
    <skipped/>
  </testcase> <!-- @AfterMethod afterMethod -->
  <testcase name="@AfterMethod afterMethod" time="0.0" classname="script.xinche.CheXingShouCangTest">
    <skipped/>
  </testcase> <!-- @AfterMethod afterMethod -->
  <testcase name="@AfterMethod afterMethod" time="0.0" classname="script.xinche.CheXingShouCangTest">
    <skipped/>
  </testcase> <!-- @AfterMethod afterMethod -->
  <testcase name="@AfterMethod afterMethod" time="0.0" classname="script.xinche.TiaoJianXuanCheTest">
    <skipped/>
  </testcase> <!-- @AfterMethod afterMethod -->
  <testcase name="@AfterMethod afterMethod" time="0.0" classname="script.xinche.TiaoJianXuanCheTest">
    <skipped/>
  </testcase> <!-- @AfterMethod afterMethod -->
  <testcase name="@AfterMethod afterMethod" time="0.0" classname="script.xinche.TiaoJianXuanCheTest">
    <skipped/>
  </testcase> <!-- @AfterMethod afterMethod -->
  <testcase name="@AfterMethod afterMethod" time="0.0" classname="script.xinche.TiaoJianXuanCheTest">
    <skipped/>
  </testcase> <!-- @AfterMethod afterMethod -->
  <testcase name="@AfterMethod afterMethod" time="0.0" classname="script.xinche.TiaoJianXuanCheTest">
    <skipped/>
  </testcase> <!-- @AfterMethod afterMethod -->
  <testcase name="@AfterMethod afterMethod" time="0.0" classname="script.xinche.TiaoJianXuanCheTest">
    <skipped/>
  </testcase> <!-- @AfterMethod afterMethod -->
  <testcase name="@AfterMethod afterMethod" time="0.0" classname="script.xinche.TiaoJianXuanCheTest">
    <skipped/>
  </testcase> <!-- @AfterMethod afterMethod -->
  <testcase name="@AfterMethod afterMethod" time="0.0" classname="script.xinche.TiaoJianXuanCheTest">
    <skipped/>
  </testcase> <!-- @AfterMethod afterMethod -->
  <testcase name="@AfterMethod afterMethod" time="0.0" classname="script.xinche.TiaoJianXuanCheTest">
    <skipped/>
  </testcase> <!-- @AfterMethod afterMethod -->
  <testcase name="@AfterMethod afterMethod" time="0.0" classname="script.xinche.TiaoJianXuanCheTest">
    <skipped/>
  </testcase> <!-- @AfterMethod afterMethod -->
  <testcase name="@AfterMethod afterMethod" time="0.0" classname="script.xinche.TiaoJianXuanCheTest">
    <skipped/>
  </testcase> <!-- @AfterMethod afterMethod -->
  <testcase name="@AfterMethod afterMethod" time="0.0" classname="script.xinche.TiaoJianXuanCheTest">
    <skipped/>
  </testcase> <!-- @AfterMethod afterMethod -->
  <testcase name="@AfterMethod afterMethod" time="0.0" classname="script.xinche.ZiPinPaiZongShuTest">
    <skipped/>
  </testcase> <!-- @AfterMethod afterMethod -->
  <testcase name="@AfterMethod afterMethod" time="0.0" classname="script.xinche.ZiPinPaiZongShuTest">
    <skipped/>
  </testcase> <!-- @AfterMethod afterMethod -->
  <testcase name="@AfterMethod afterMethod" time="0.0" classname="script.xinche.ZiPinPaiZongShuTest">
    <skipped/>
  </testcase> <!-- @AfterMethod afterMethod -->
  <testcase name="@AfterMethod afterMethod" time="0.0" classname="script.xinche.ZiPinPaiZongShuTest">
    <skipped/>
  </testcase> <!-- @AfterMethod afterMethod -->
  <testcase name="@AfterMethod afterMethod" time="0.0" classname="script.xinche.ZiPinPaiZongShuTest">
    <skipped/>
  </testcase> <!-- @AfterMethod afterMethod -->
  <testcase name="@AfterMethod afterMethod" time="0.0" classname="script.xinche.ZiPinPaiZongShuTest">
    <skipped/>
  </testcase> <!-- @AfterMethod afterMethod -->
  <testcase name="@AfterMethod afterMethod" time="0.0" classname="script.xinche.ZiPinPaiZongShuTest">
    <skipped/>
  </testcase> <!-- @AfterMethod afterMethod -->
  <testcase name="@AfterMethod afterMethod" time="0.0" classname="script.xinche.ZiPinPaiZongShuTest">
    <skipped/>
  </testcase> <!-- @AfterMethod afterMethod -->
  <testcase name="@AfterMethod afterMethod" time="0.0" classname="script.xinche.ZiPinPaiZongShuTest">
    <skipped/>
  </testcase> <!-- @AfterMethod afterMethod -->
  <testcase name="@AfterMethod afterMethod" time="0.0" classname="script.xinche.ZiPinPaiZongShuTest">
    <skipped/>
  </testcase> <!-- @AfterMethod afterMethod -->
  <testcase name="@AfterMethod afterMethod" time="0.0" classname="script.xinche.ZiPinPaiZongShuTest">
    <skipped/>
  </testcase> <!-- @AfterMethod afterMethod -->
  <testcase name="@AfterMethod afterMethod" time="0.0" classname="script.xinche.ZiPinPaiZongShuTest">
    <skipped/>
  </testcase> <!-- @AfterMethod afterMethod -->
  <testcase name="@AfterMethod afterMethod" time="0.0" classname="script.xinche.ZiPinPaiZongShuTest">
    <skipped/>
  </testcase> <!-- @AfterMethod afterMethod -->
  <testcase name="@AfterMethod afterMethod" time="0.0" classname="script.xinche.ZiPinPaiZongShuTest">
    <skipped/>
  </testcase> <!-- @AfterMethod afterMethod -->
  <testcase name="@AfterMethod afterMethod" time="0.0" classname="script.xinche.ZiPinPaiZongShuTest">
    <skipped/>
  </testcase> <!-- @AfterMethod afterMethod -->
  <testcase name="@AfterMethod afterMethod" time="0.0" classname="script.xinche.ZiPinPaiZongShuTest">
    <skipped/>
  </testcase> <!-- @AfterMethod afterMethod -->
  <testcase name="xinche_chexingshoucang_testcase1" time="0.003" classname="script.xinche.CheXingShouCangTest">
    <skipped/>
  </testcase> <!-- xinche_chexingshoucang_testcase1 -->
  <testcase name="xinche_chexingshoucang_testcase2" time="0.003" classname="script.xinche.CheXingShouCangTest">
    <skipped/>
  </testcase> <!-- xinche_chexingshoucang_testcase2 -->
  <testcase name="xinche_chexingshoucang_testcase3" time="0.003" classname="script.xinche.CheXingShouCangTest">
    <skipped/>
  </testcase> <!-- xinche_chexingshoucang_testcase3 -->
  <testcase name="xinche_chexingshoucang_testcase4" time="0.003" classname="script.xinche.CheXingShouCangTest">
    <skipped/>
  </testcase> <!-- xinche_chexingshoucang_testcase4 -->
  <testcase name="xinche_chexingshoucang_testcase5" time="0.003" classname="script.xinche.CheXingShouCangTest">
    <skipped/>
  </testcase> <!-- xinche_chexingshoucang_testcase5 -->
  <testcase name="xinche_chexingshoucang_testcase6" time="0.003" classname="script.xinche.CheXingShouCangTest">
    <skipped/>
  </testcase> <!-- xinche_chexingshoucang_testcase6 -->
  <testcase name="xinche_chexingshoucang_testcase7" time="0.002" classname="script.xinche.CheXingShouCangTest">
    <skipped/>
  </testcase> <!-- xinche_chexingshoucang_testcase7 -->
  <testcase name="xinche_chexingshoucang_testcase8" time="0.004" classname="script.xinche.CheXingShouCangTest">
    <skipped/>
  </testcase> <!-- xinche_chexingshoucang_testcase8 -->
  <testcase name="xinche_chexingshoucang_testcase9" time="0.003" classname="script.xinche.CheXingShouCangTest">
    <skipped/>
  </testcase> <!-- xinche_chexingshoucang_testcase9 -->
  <testcase name="xinche_chexingshoucang_testcase10" time="0.01" classname="script.xinche.CheXingShouCangTest">
    <skipped/>
  </testcase> <!-- xinche_chexingshoucang_testcase10 -->
  <testcase name="xinche_tiaojianxuanche_testcase1" time="0.003" classname="script.xinche.TiaoJianXuanCheTest">
    <skipped/>
  </testcase> <!-- xinche_tiaojianxuanche_testcase1 -->
  <testcase name="xinche_tiaojianxuanche_testcase2" time="0.003" classname="script.xinche.TiaoJianXuanCheTest">
    <skipped/>
  </testcase> <!-- xinche_tiaojianxuanche_testcase2 -->
  <testcase name="xinche_tiaojianxuanche_testcase3" time="0.003" classname="script.xinche.TiaoJianXuanCheTest">
    <skipped/>
  </testcase> <!-- xinche_tiaojianxuanche_testcase3 -->
  <testcase name="xinche_tiaojianxuanche_testcase4" time="0.002" classname="script.xinche.TiaoJianXuanCheTest">
    <skipped/>
  </testcase> <!-- xinche_tiaojianxuanche_testcase4 -->
  <testcase name="xinche_tiaojianxuanche_testcase5" time="0.002" classname="script.xinche.TiaoJianXuanCheTest">
    <skipped/>
  </testcase> <!-- xinche_tiaojianxuanche_testcase5 -->
  <testcase name="xinche_tiaojianxuanche_testcase6" time="0.002" classname="script.xinche.TiaoJianXuanCheTest">
    <skipped/>
  </testcase> <!-- xinche_tiaojianxuanche_testcase6 -->
  <testcase name="xinche_tiaojianxuanche_testcase7" time="0.002" classname="script.xinche.TiaoJianXuanCheTest">
    <skipped/>
  </testcase> <!-- xinche_tiaojianxuanche_testcase7 -->
  <testcase name="xinche_tiaojianxuanche_testcase8" time="0.002" classname="script.xinche.TiaoJianXuanCheTest">
    <skipped/>
  </testcase> <!-- xinche_tiaojianxuanche_testcase8 -->
  <testcase name="xinche_tiaojianxuanche_testcase9" time="0.002" classname="script.xinche.TiaoJianXuanCheTest">
    <skipped/>
  </testcase> <!-- xinche_tiaojianxuanche_testcase9 -->
  <testcase name="xinche_tiaojianxuanche_testcase10" time="0.003" classname="script.xinche.TiaoJianXuanCheTest">
    <skipped/>
  </testcase> <!-- xinche_tiaojianxuanche_testcase10 -->
  <testcase name="xinche_tiaojianxuanche_testcase11" time="0.002" classname="script.xinche.TiaoJianXuanCheTest">
    <skipped/>
  </testcase> <!-- xinche_tiaojianxuanche_testcase11 -->
  <testcase name="xinche_tiaojianxuanche_testcase12" time="0.003" classname="script.xinche.TiaoJianXuanCheTest">
    <skipped/>
  </testcase> <!-- xinche_tiaojianxuanche_testcase12 -->
  <testcase name="xinche_zipinpaizongshu_testcase1" time="0.003" classname="script.xinche.ZiPinPaiZongShuTest">
    <skipped/>
  </testcase> <!-- xinche_zipinpaizongshu_testcase1 -->
  <testcase name="xinche_zipinpaizongshu_testcase2" time="0.002" classname="script.xinche.ZiPinPaiZongShuTest">
    <skipped/>
  </testcase> <!-- xinche_zipinpaizongshu_testcase2 -->
  <testcase name="xinche_zipinpaizongshu_testcase3" time="0.002" classname="script.xinche.ZiPinPaiZongShuTest">
    <skipped/>
  </testcase> <!-- xinche_zipinpaizongshu_testcase3 -->
  <testcase name="xinche_zipinpaizongshu_testcase4" time="0.002" classname="script.xinche.ZiPinPaiZongShuTest">
    <skipped/>
  </testcase> <!-- xinche_zipinpaizongshu_testcase4 -->
  <testcase name="xinche_zipinpaizongshu_testcase5" time="0.002" classname="script.xinche.ZiPinPaiZongShuTest">
    <skipped/>
  </testcase> <!-- xinche_zipinpaizongshu_testcase5 -->
  <testcase name="xinche_zipinpaizongshu_testcase6" time="0.002" classname="script.xinche.ZiPinPaiZongShuTest">
    <skipped/>
  </testcase> <!-- xinche_zipinpaizongshu_testcase6 -->
  <testcase name="xinche_zipinpaizongshu_testcase7" time="0.003" classname="script.xinche.ZiPinPaiZongShuTest">
    <skipped/>
  </testcase> <!-- xinche_zipinpaizongshu_testcase7 -->
  <testcase name="xinche_zipinpaizongshu_testcase8" time="0.003" classname="script.xinche.ZiPinPaiZongShuTest">
    <skipped/>
  </testcase> <!-- xinche_zipinpaizongshu_testcase8 -->
  <testcase name="xinche_zipinpaizongshu_testcase9" time="0.003" classname="script.xinche.ZiPinPaiZongShuTest">
    <skipped/>
  </testcase> <!-- xinche_zipinpaizongshu_testcase9 -->
  <testcase name="xinche_zipinpaizongshu_testcase10" time="0.002" classname="script.xinche.ZiPinPaiZongShuTest">
    <skipped/>
  </testcase> <!-- xinche_zipinpaizongshu_testcase10 -->
  <testcase name="xinche_zipinpaizongshu_testcase11" time="0.003" classname="script.xinche.ZiPinPaiZongShuTest">
    <skipped/>
  </testcase> <!-- xinche_zipinpaizongshu_testcase11 -->
  <testcase name="xinche_zipinpaizongshu_testcase12" time="0.003" classname="script.xinche.ZiPinPaiZongShuTest">
    <skipped/>
  </testcase> <!-- xinche_zipinpaizongshu_testcase12 -->
  <testcase name="xinche_zipinpaizongshu_testcase13" time="0.002" classname="script.xinche.ZiPinPaiZongShuTest">
    <skipped/>
  </testcase> <!-- xinche_zipinpaizongshu_testcase13 -->
  <testcase name="xinche_zipinpaizongshu_testcase14" time="0.004" classname="script.xinche.ZiPinPaiZongShuTest">
    <skipped/>
  </testcase> <!-- xinche_zipinpaizongshu_testcase14 -->
  <testcase name="xinche_zipinpaizongshu_testcase15" time="0.002" classname="script.xinche.ZiPinPaiZongShuTest">
    <skipped/>
  </testcase> <!-- xinche_zipinpaizongshu_testcase15 -->
  <testcase name="xinche_zipinpaizongshu_testcase16" time="0.002" classname="script.xinche.ZiPinPaiZongShuTest">
    <skipped/>
  </testcase> <!-- xinche_zipinpaizongshu_testcase16 -->
</testsuite> <!-- xinche -->
